{"/Users/mandyyan/Desktop/pullRequest/src/routes/index.ts": {"path":"/Users/mandyyan/Desktop/pullRequest/src/routes/index.ts","statementMap":{"0":{"start":{"line":2,"column":0},"end":{"line":2,"column":40}},"1":{"start":{"line":5,"column":24},"end":{"line":61,"column":1}},"2":{"start":{"line":6,"column":2},"end":{"line":60,"column":5}},"3":{"start":{"line":6,"column":41},"end":{"line":60,"column":4}},"4":{"start":{"line":7,"column":4},"end":{"line":59,"column":null}},"5":{"start":{"line":9,"column":19},"end":{"line":9,"column":34}},"6":{"start":{"line":10,"column":25},"end":{"line":10,"column":74}},"7":{"start":{"line":11,"column":6},"end":{"line":13,"column":null}},"8":{"start":{"line":12,"column":8},"end":{"line":12,"column":64}},"9":{"start":{"line":15,"column":26},"end":{"line":15,"column":41}},"10":{"start":{"line":16,"column":32},"end":{"line":16,"column":58}},"11":{"start":{"line":19,"column":6},"end":{"line":24,"column":null}},"12":{"start":{"line":20,"column":8},"end":{"line":20,"column":45}},"13":{"start":{"line":21,"column":8},"end":{"line":21,"column":24}},"14":{"start":{"line":23,"column":8},"end":{"line":23,"column":51}},"15":{"start":{"line":25,"column":26},"end":{"line":25,"column":58}},"16":{"start":{"line":26,"column":6},"end":{"line":26,"column":45}},"17":{"start":{"line":28,"column":30},"end":{"line":28,"column":68}},"18":{"start":{"line":32,"column":28},"end":{"line":32,"column":45}},"19":{"start":{"line":33,"column":31},"end":{"line":35,"column":8}},"20":{"start":{"line":37,"column":22},"end":{"line":39,"column":8}},"21":{"start":{"line":41,"column":23},"end":{"line":43,"column":8}},"22":{"start":{"line":45,"column":35},"end":{"line":48,"column":8}},"23":{"start":{"line":50,"column":6},"end":{"line":50,"column":35}},"24":{"start":{"line":52,"column":6},"end":{"line":58,"column":null}},"25":{"start":{"line":54,"column":10},"end":{"line":54,"column":66}},"26":{"start":{"line":55,"column":10},"end":{"line":55,"column":16}},"27":{"start":{"line":57,"column":10},"end":{"line":57,"column":62}},"28":{"start":{"line":5,"column":13},"end":{"line":5,"column":24}}},"fnMap":{"0":{"name":"(anonymous_7)","decl":{"start":{"line":5,"column":24},"end":{"line":5,"column":25}},"loc":{"start":{"line":5,"column":53},"end":{"line":61,"column":1}}},"1":{"name":"(anonymous_8)","decl":{"start":{"line":6,"column":17},"end":{"line":6,"column":24}},"loc":{"start":{"line":6,"column":41},"end":{"line":60,"column":4}}},"2":{"name":"(anonymous_9)","decl":{"start":{"line":6,"column":41},"end":{"line":6,"column":null}},"loc":{"start":{"line":6,"column":41},"end":{"line":60,"column":3}}}},"branchMap":{"0":{"loc":{"start":{"line":11,"column":6},"end":{"line":13,"column":null}},"type":"if","locations":[{"start":{"line":11,"column":6},"end":{"line":13,"column":null}}]},"1":{"loc":{"start":{"line":19,"column":6},"end":{"line":24,"column":null}},"type":"if","locations":[{"start":{"line":19,"column":6},"end":{"line":24,"column":null}},{"start":{"line":22,"column":13},"end":{"line":24,"column":null}}]},"2":{"loc":{"start":{"line":52,"column":6},"end":{"line":58,"column":null}},"type":"switch","locations":[{"start":{"line":53,"column":8},"end":{"line":55,"column":16}},{"start":{"line":56,"column":8},"end":{"line":57,"column":62}}]}},"s":{"0":1,"1":1,"2":4,"3":9,"4":9,"5":9,"6":9,"7":9,"8":2,"9":7,"10":7,"11":7,"12":1,"13":1,"14":6,"15":7,"16":7,"17":7,"18":7,"19":7,"20":7,"21":5,"22":5,"23":5,"24":2,"25":1,"26":1,"27":1,"28":1},"f":{"0":4,"1":9,"2":9},"b":{"0":[2],"1":[1,6],"2":[1,1]}}
}
